<?xml version="1.0" encoding="UTF-8"?>
<testsuite xmlns:xsi="http://www.w3.org/2001/XMLSchema-instance" xsi:noNamespaceSchemaLocation="https://maven.apache.org/surefire/maven-surefire-plugin/xsd/surefire-test-report-3.0.xsd" version="3.0" name="com.example.tests.APITest" time="1.41" tests="1" errors="0" skipped="0" failures="0">
  <properties>
    <property name="gopherProxySet" value="false"/>
    <property name="awt.toolkit" value="sun.lwawt.macosx.LWCToolkit"/>
    <property name="java.specification.version" value="11"/>
    <property name="sun.cpu.isalist" value=""/>
    <property name="sun.jnu.encoding" value="UTF-8"/>
    <property name="java.class.path" value="/Users/donald.lamaj/workspaces/my-restassured-project/target/test-classes:/Users/donald.lamaj/workspaces/my-restassured-project/target/classes:/Users/donald.lamaj/.m2/repository/org/junit/jupiter/junit-jupiter/5.7.1/junit-jupiter-5.7.1.jar:/Users/donald.lamaj/.m2/repository/org/junit/jupiter/junit-jupiter-params/5.7.1/junit-jupiter-params-5.7.1.jar:/Users/donald.lamaj/.m2/repository/org/junit/jupiter/junit-jupiter-engine/5.7.1/junit-jupiter-engine-5.7.1.jar:/Users/donald.lamaj/.m2/repository/org/junit/platform/junit-platform-engine/1.7.1/junit-platform-engine-1.7.1.jar:/Users/donald.lamaj/.m2/repository/io/rest-assured/rest-assured/4.4.0/rest-assured-4.4.0.jar:/Users/donald.lamaj/.m2/repository/org/codehaus/groovy/groovy/3.0.8/groovy-3.0.8.jar:/Users/donald.lamaj/.m2/repository/org/codehaus/groovy/groovy-xml/3.0.8/groovy-xml-3.0.8.jar:/Users/donald.lamaj/.m2/repository/org/apache/httpcomponents/httpclient/4.5.13/httpclient-4.5.13.jar:/Users/donald.lamaj/.m2/repository/org/apache/httpcomponents/httpcore/4.4.13/httpcore-4.4.13.jar:/Users/donald.lamaj/.m2/repository/commons-logging/commons-logging/1.2/commons-logging-1.2.jar:/Users/donald.lamaj/.m2/repository/commons-codec/commons-codec/1.11/commons-codec-1.11.jar:/Users/donald.lamaj/.m2/repository/org/apache/httpcomponents/httpmime/4.5.13/httpmime-4.5.13.jar:/Users/donald.lamaj/.m2/repository/org/hamcrest/hamcrest/2.1/hamcrest-2.1.jar:/Users/donald.lamaj/.m2/repository/org/ccil/cowan/tagsoup/tagsoup/1.2.1/tagsoup-1.2.1.jar:/Users/donald.lamaj/.m2/repository/io/rest-assured/json-path/4.4.0/json-path-4.4.0.jar:/Users/donald.lamaj/.m2/repository/org/codehaus/groovy/groovy-json/3.0.8/groovy-json-3.0.8.jar:/Users/donald.lamaj/.m2/repository/io/rest-assured/rest-assured-common/4.4.0/rest-assured-common-4.4.0.jar:/Users/donald.lamaj/.m2/repository/io/rest-assured/xml-path/4.4.0/xml-path-4.4.0.jar:/Users/donald.lamaj/.m2/repository/org/apache/commons/commons-lang3/3.11/commons-lang3-3.11.jar:/Users/donald.lamaj/.m2/repository/jakarta/xml/bind/jakarta.xml.bind-api/2.3.3/jakarta.xml.bind-api-2.3.3.jar:/Users/donald.lamaj/.m2/repository/jakarta/activation/jakarta.activation-api/1.2.2/jakarta.activation-api-1.2.2.jar:/Users/donald.lamaj/.m2/repository/com/sun/xml/bind/jaxb-impl/2.3.3/jaxb-impl-2.3.3.jar:/Users/donald.lamaj/.m2/repository/org/junit/jupiter/junit-jupiter-api/5.8.1/junit-jupiter-api-5.8.1.jar:/Users/donald.lamaj/.m2/repository/org/opentest4j/opentest4j/1.2.0/opentest4j-1.2.0.jar:/Users/donald.lamaj/.m2/repository/org/junit/platform/junit-platform-commons/1.8.1/junit-platform-commons-1.8.1.jar:/Users/donald.lamaj/.m2/repository/org/apiguardian/apiguardian-api/1.1.2/apiguardian-api-1.1.2.jar:"/>
    <property name="java.vm.vendor" value="Amazon.com Inc."/>
    <property name="sun.arch.data.model" value="64"/>
    <property name="java.vendor.url" value="https://aws.amazon.com/corretto/"/>
    <property name="user.timezone" value="Europe/London"/>
    <property name="java.vm.specification.version" value="11"/>
    <property name="os.name" value="Mac OS X"/>
    <property name="sun.java.launcher" value="SUN_STANDARD"/>
    <property name="user.country" value="GB"/>
    <property name="sun.boot.library.path" value="/Library/Java/JavaVirtualMachines/amazon-corretto-11.jdk/Contents/Home/lib"/>
    <property name="sun.java.command" value="/Users/donald.lamaj/workspaces/my-restassured-project/target/surefire/surefirebooter-20240509162458779_3.jar /Users/donald.lamaj/workspaces/my-restassured-project/target/surefire 2024-05-09T16-24-58_730-jvmRun1 surefire-20240509162458779_1tmp surefire_0-20240509162458779_2tmp"/>
    <property name="http.nonProxyHosts" value="local|*.local|169.254/16|*.169.254/16"/>
    <property name="jdk.debug" value="release"/>
    <property name="surefire.test.class.path" value="/Users/donald.lamaj/workspaces/my-restassured-project/target/test-classes:/Users/donald.lamaj/workspaces/my-restassured-project/target/classes:/Users/donald.lamaj/.m2/repository/org/junit/jupiter/junit-jupiter/5.7.1/junit-jupiter-5.7.1.jar:/Users/donald.lamaj/.m2/repository/org/junit/jupiter/junit-jupiter-params/5.7.1/junit-jupiter-params-5.7.1.jar:/Users/donald.lamaj/.m2/repository/org/junit/jupiter/junit-jupiter-engine/5.7.1/junit-jupiter-engine-5.7.1.jar:/Users/donald.lamaj/.m2/repository/org/junit/platform/junit-platform-engine/1.7.1/junit-platform-engine-1.7.1.jar:/Users/donald.lamaj/.m2/repository/io/rest-assured/rest-assured/4.4.0/rest-assured-4.4.0.jar:/Users/donald.lamaj/.m2/repository/org/codehaus/groovy/groovy/3.0.8/groovy-3.0.8.jar:/Users/donald.lamaj/.m2/repository/org/codehaus/groovy/groovy-xml/3.0.8/groovy-xml-3.0.8.jar:/Users/donald.lamaj/.m2/repository/org/apache/httpcomponents/httpclient/4.5.13/httpclient-4.5.13.jar:/Users/donald.lamaj/.m2/repository/org/apache/httpcomponents/httpcore/4.4.13/httpcore-4.4.13.jar:/Users/donald.lamaj/.m2/repository/commons-logging/commons-logging/1.2/commons-logging-1.2.jar:/Users/donald.lamaj/.m2/repository/commons-codec/commons-codec/1.11/commons-codec-1.11.jar:/Users/donald.lamaj/.m2/repository/org/apache/httpcomponents/httpmime/4.5.13/httpmime-4.5.13.jar:/Users/donald.lamaj/.m2/repository/org/hamcrest/hamcrest/2.1/hamcrest-2.1.jar:/Users/donald.lamaj/.m2/repository/org/ccil/cowan/tagsoup/tagsoup/1.2.1/tagsoup-1.2.1.jar:/Users/donald.lamaj/.m2/repository/io/rest-assured/json-path/4.4.0/json-path-4.4.0.jar:/Users/donald.lamaj/.m2/repository/org/codehaus/groovy/groovy-json/3.0.8/groovy-json-3.0.8.jar:/Users/donald.lamaj/.m2/repository/io/rest-assured/rest-assured-common/4.4.0/rest-assured-common-4.4.0.jar:/Users/donald.lamaj/.m2/repository/io/rest-assured/xml-path/4.4.0/xml-path-4.4.0.jar:/Users/donald.lamaj/.m2/repository/org/apache/commons/commons-lang3/3.11/commons-lang3-3.11.jar:/Users/donald.lamaj/.m2/repository/jakarta/xml/bind/jakarta.xml.bind-api/2.3.3/jakarta.xml.bind-api-2.3.3.jar:/Users/donald.lamaj/.m2/repository/jakarta/activation/jakarta.activation-api/1.2.2/jakarta.activation-api-1.2.2.jar:/Users/donald.lamaj/.m2/repository/com/sun/xml/bind/jaxb-impl/2.3.3/jaxb-impl-2.3.3.jar:/Users/donald.lamaj/.m2/repository/org/junit/jupiter/junit-jupiter-api/5.8.1/junit-jupiter-api-5.8.1.jar:/Users/donald.lamaj/.m2/repository/org/opentest4j/opentest4j/1.2.0/opentest4j-1.2.0.jar:/Users/donald.lamaj/.m2/repository/org/junit/platform/junit-platform-commons/1.8.1/junit-platform-commons-1.8.1.jar:/Users/donald.lamaj/.m2/repository/org/apiguardian/apiguardian-api/1.1.2/apiguardian-api-1.1.2.jar:"/>
    <property name="sun.cpu.endian" value="little"/>
    <property name="user.home" value="/Users/donald.lamaj"/>
    <property name="user.language" value="en"/>
    <property name="java.specification.vendor" value="Oracle Corporation"/>
    <property name="java.version.date" value="2023-10-17"/>
    <property name="java.home" value="/Library/Java/JavaVirtualMachines/amazon-corretto-11.jdk/Contents/Home"/>
    <property name="file.separator" value="/"/>
    <property name="basedir" value="/Users/donald.lamaj/workspaces/my-restassured-project"/>
    <property name="java.vm.compressedOopsMode" value="Zero based"/>
    <property name="line.separator" value="&#10;"/>
    <property name="java.specification.name" value="Java Platform API Specification"/>
    <property name="java.vm.specification.vendor" value="Oracle Corporation"/>
    <property name="java.awt.graphicsenv" value="sun.awt.CGraphicsEnvironment"/>
    <property name="surefire.real.class.path" value="/Users/donald.lamaj/workspaces/my-restassured-project/target/surefire/surefirebooter-20240509162458779_3.jar"/>
    <property name="sun.management.compiler" value="HotSpot 64-Bit Tiered Compilers"/>
    <property name="ftp.nonProxyHosts" value="local|*.local|169.254/16|*.169.254/16"/>
    <property name="java.runtime.version" value="11.0.21+9-LTS"/>
    <property name="user.name" value="donald.lamaj"/>
    <property name="path.separator" value=":"/>
    <property name="os.version" value="13.6"/>
    <property name="java.runtime.name" value="OpenJDK Runtime Environment"/>
    <property name="file.encoding" value="UTF-8"/>
    <property name="java.vm.name" value="OpenJDK 64-Bit Server VM"/>
    <property name="java.vendor.version" value="Corretto-11.0.21.9.1"/>
    <property name="localRepository" value="/Users/donald.lamaj/.m2/repository"/>
    <property name="java.vendor.url.bug" value="https://github.com/corretto/corretto-11/issues/"/>
    <property name="java.io.tmpdir" value="/var/folders/hw/k35cszr92j30_6d2f76rhw9c0000gn/T/"/>
    <property name="java.version" value="11.0.21"/>
    <property name="user.dir" value="/Users/donald.lamaj/workspaces/my-restassured-project"/>
    <property name="os.arch" value="aarch64"/>
    <property name="java.vm.specification.name" value="Java Virtual Machine Specification"/>
    <property name="java.awt.printerjob" value="sun.lwawt.macosx.CPrinterJob"/>
    <property name="sun.os.patch.level" value="unknown"/>
    <property name="java.library.path" value="/Users/donald.lamaj/Library/Java/Extensions:/Library/Java/Extensions:/Network/Library/Java/Extensions:/System/Library/Java/Extensions:/usr/lib/java:."/>
    <property name="java.vm.info" value="mixed mode"/>
    <property name="java.vendor" value="Amazon.com Inc."/>
    <property name="java.vm.version" value="11.0.21+9-LTS"/>
    <property name="java.specification.maintenance.version" value="2"/>
    <property name="sun.io.unicode.encoding" value="UnicodeBig"/>
    <property name="java.class.version" value="55.0"/>
    <property name="socksNonProxyHosts" value="local|*.local|169.254/16|*.169.254/16"/>
  </properties>
  <testcase name="GetBooksDetails" classname="com.example.tests.APITest" time="1.403">
    <system-out><![CDATA[Status received => HTTP/1.1 200 OK
{
    "books": [
        {
            "isbn": "9781449325862",
            "title": "Git Pocket Guide",
            "subTitle": "A Working Introduction",
            "author": "Richard E. Silverman",
            "publish_date": "2020-06-04T08:48:39.000Z",
            "publisher": "O'Reilly Media",
            "pages": 234,
            "description": "This pocket guide is the perfect on-the-job companion to Git, the distributed version control system. It provides a compact, readable introduction to Git for new users, as well as a reference to common commands and procedures for those of you with Git exp",
            "website": "http://chimera.labs.oreilly.com/books/1230000000561/index.html"
        },
        {
            "isbn": "9781449331818",
            "title": "Learning JavaScript Design Patterns",
            "subTitle": "A JavaScript and jQuery Developer's Guide",
            "author": "Addy Osmani",
            "publish_date": "2020-06-04T09:11:40.000Z",
            "publisher": "O'Reilly Media",
            "pages": 254,
            "description": "With Learning JavaScript Design Patterns, you'll learn how to write beautiful, structured, and maintainable JavaScript by applying classical and modern design patterns to the language. If you want to keep your code efficient, more manageable, and up-to-da",
            "website": "http://www.addyosmani.com/resources/essentialjsdesignpatterns/book/"
        },
        {
            "isbn": "9781449337711",
            "title": "Designing Evolvable Web APIs with ASP.NET",
            "subTitle": "Harnessing the Power of the Web",
            "author": "Glenn Block et al.",
            "publish_date": "2020-06-04T09:12:43.000Z",
            "publisher": "O'Reilly Media",
            "pages": 238,
            "description": "Design and build Web APIs for a broad range of clients—including browsers and mobile devices—that can adapt to change over time. This practical, hands-on guide takes you through the theory and tools you need to build evolvable HTTP services with Microsoft",
            "website": "http://chimera.labs.oreilly.com/books/1234000001708/index.html"
        },
        {
            "isbn": "9781449365035",
            "title": "Speaking JavaScript",
            "subTitle": "An In-Depth Guide for Programmers",
            "author": "Axel Rauschmayer",
            "publish_date": "2014-02-01T00:00:00.000Z",
            "publisher": "O'Reilly Media",
            "pages": 460,
            "description": "Like it or not, JavaScript is everywhere these days-from browser to server to mobile-and now you, too, need to learn the language or dive deeper than you have. This concise book guides you into and through JavaScript, written by a veteran programmer who o",
            "website": "http://speakingjs.com/"
        },
        {
            "isbn": "9781491904244",
            "title": "You Don't Know JS",
            "subTitle": "ES6 & Beyond",
            "author": "Kyle Simpson",
            "publish_date": "2015-12-27T00:00:00.000Z",
            "publisher": "O'Reilly Media",
            "pages": 278,
            "description": "No matter how much experience you have with JavaScript, odds are you don’t fully understand the language. As part of the \\\"You Don’t Know JS\\\" series, this compact guide focuses on new features available in ECMAScript 6 (ES6), the latest version of the st",
            "website": "https://github.com/getify/You-Dont-Know-JS/tree/master/es6%20&%20beyond"
        },
        {
            "isbn": "9781491950296",
            "title": "Programming JavaScript Applications",
            "subTitle": "Robust Web Architecture with Node, HTML5, and Modern JS Libraries",
            "author": "Eric Elliott",
            "publish_date": "2014-07-01T00:00:00.000Z",
            "publisher": "O'Reilly Media",
            "pages": 254,
            "description": "Take advantage of JavaScript's power to build robust web-scale or enterprise applications that are easy to extend and maintain. By applying the design patterns outlined in this practical book, experienced JavaScript developers will learn how to write flex",
            "website": "http://chimera.labs.oreilly.com/books/1234000000262/index.html"
        },
        {
            "isbn": "9781593275846",
            "title": "Eloquent JavaScript, Second Edition",
            "subTitle": "A Modern Introduction to Programming",
            "author": "Marijn Haverbeke",
            "publish_date": "2014-12-14T00:00:00.000Z",
            "publisher": "No Starch Press",
            "pages": 472,
            "description": "JavaScript lies at the heart of almost every modern web application, from social apps to the newest browser-based games. Though simple for beginners to pick up and play with, JavaScript is a flexible, complex language that you can use to build full-scale ",
            "website": "http://eloquentjavascript.net/"
        },
        {
            "isbn": "9781593277574",
            "title": "Understanding ECMAScript 6",
            "subTitle": "The Definitive Guide for JavaScript Developers",
            "author": "Nicholas C. Zakas",
            "publish_date": "2016-09-03T00:00:00.000Z",
            "publisher": "No Starch Press",
            "pages": 352,
            "description": "ECMAScript 6 represents the biggest update to the core of JavaScript in the history of the language. In Understanding ECMAScript 6, expert developer Nicholas C. Zakas provides a complete guide to the object types, syntax, and other exciting changes that E",
            "website": "https://leanpub.com/understandinges6/read"
        }
    ]
}
Response=>{
    "books": [
        {
            "isbn": "9781449325862",
            "title": "Git Pocket Guide",
            "subTitle": "A Working Introduction",
            "author": "Richard E. Silverman",
            "publish_date": "2020-06-04T08:48:39.000Z",
            "publisher": "O'Reilly Media",
            "pages": 234,
            "description": "This pocket guide is the perfect on-the-job companion to Git, the distributed version control system. It provides a compact, readable introduction to Git for new users, as well as a reference to common commands and procedures for those of you with Git exp",
            "website": "http://chimera.labs.oreilly.com/books/1230000000561/index.html"
        },
        {
            "isbn": "9781449331818",
            "title": "Learning JavaScript Design Patterns",
            "subTitle": "A JavaScript and jQuery Developer's Guide",
            "author": "Addy Osmani",
            "publish_date": "2020-06-04T09:11:40.000Z",
            "publisher": "O'Reilly Media",
            "pages": 254,
            "description": "With Learning JavaScript Design Patterns, you'll learn how to write beautiful, structured, and maintainable JavaScript by applying classical and modern design patterns to the language. If you want to keep your code efficient, more manageable, and up-to-da",
            "website": "http://www.addyosmani.com/resources/essentialjsdesignpatterns/book/"
        },
        {
            "isbn": "9781449337711",
            "title": "Designing Evolvable Web APIs with ASP.NET",
            "subTitle": "Harnessing the Power of the Web",
            "author": "Glenn Block et al.",
            "publish_date": "2020-06-04T09:12:43.000Z",
            "publisher": "O'Reilly Media",
            "pages": 238,
            "description": "Design and build Web APIs for a broad range of clients—including browsers and mobile devices—that can adapt to change over time. This practical, hands-on guide takes you through the theory and tools you need to build evolvable HTTP services with Microsoft",
            "website": "http://chimera.labs.oreilly.com/books/1234000001708/index.html"
        },
        {
            "isbn": "9781449365035",
            "title": "Speaking JavaScript",
            "subTitle": "An In-Depth Guide for Programmers",
            "author": "Axel Rauschmayer",
            "publish_date": "2014-02-01T00:00:00.000Z",
            "publisher": "O'Reilly Media",
            "pages": 460,
            "description": "Like it or not, JavaScript is everywhere these days-from browser to server to mobile-and now you, too, need to learn the language or dive deeper than you have. This concise book guides you into and through JavaScript, written by a veteran programmer who o",
            "website": "http://speakingjs.com/"
        },
        {
            "isbn": "9781491904244",
            "title": "You Don't Know JS",
            "subTitle": "ES6 & Beyond",
            "author": "Kyle Simpson",
            "publish_date": "2015-12-27T00:00:00.000Z",
            "publisher": "O'Reilly Media",
            "pages": 278,
            "description": "No matter how much experience you have with JavaScript, odds are you don’t fully understand the language. As part of the \\\"You Don’t Know JS\\\" series, this compact guide focuses on new features available in ECMAScript 6 (ES6), the latest version of the st",
            "website": "https://github.com/getify/You-Dont-Know-JS/tree/master/es6%20&%20beyond"
        },
        {
            "isbn": "9781491950296",
            "title": "Programming JavaScript Applications",
            "subTitle": "Robust Web Architecture with Node, HTML5, and Modern JS Libraries",
            "author": "Eric Elliott",
            "publish_date": "2014-07-01T00:00:00.000Z",
            "publisher": "O'Reilly Media",
            "pages": 254,
            "description": "Take advantage of JavaScript's power to build robust web-scale or enterprise applications that are easy to extend and maintain. By applying the design patterns outlined in this practical book, experienced JavaScript developers will learn how to write flex",
            "website": "http://chimera.labs.oreilly.com/books/1234000000262/index.html"
        },
        {
            "isbn": "9781593275846",
            "title": "Eloquent JavaScript, Second Edition",
            "subTitle": "A Modern Introduction to Programming",
            "author": "Marijn Haverbeke",
            "publish_date": "2014-12-14T00:00:00.000Z",
            "publisher": "No Starch Press",
            "pages": 472,
            "description": "JavaScript lies at the heart of almost every modern web application, from social apps to the newest browser-based games. Though simple for beginners to pick up and play with, JavaScript is a flexible, complex language that you can use to build full-scale ",
            "website": "http://eloquentjavascript.net/"
        },
        {
            "isbn": "9781593277574",
            "title": "Understanding ECMAScript 6",
            "subTitle": "The Definitive Guide for JavaScript Developers",
            "author": "Nicholas C. Zakas",
            "publish_date": "2016-09-03T00:00:00.000Z",
            "publisher": "No Starch Press",
            "pages": 352,
            "description": "ECMAScript 6 represents the biggest update to the core of JavaScript in the history of the language. In Understanding ECMAScript 6, expert developer Nicholas C. Zakas provides a complete guide to the object types, syntax, and other exciting changes that E",
            "website": "https://leanpub.com/understandinges6/read"
        }
    ]
}
]]></system-out>
  </testcase>
</testsuite>